<?xml version="1.0" encoding="UTF-8"?>
<testsuite name="de.htwk.leipzig.grapholution.evolibrary.hillclimber.HillclimberTest" tests="4" skipped="0" failures="0" errors="0" timestamp="2021-11-04T19:00:22" hostname="JAN-PC" time="0.016">
  <properties/>
  <testcase name="hillclimb_withAllZeroesBitstring_returnsAllOnesBitstring()" classname="de.htwk.leipzig.grapholution.evolibrary.hillclimber.HillclimberTest" time="0.013"/>
  <testcase name="evaluate_withSeveralInputs_returnsCorrectFitness()" classname="de.htwk.leipzig.grapholution.evolibrary.hillclimber.HillclimberTest" time="0.0"/>
  <testcase name="mutate_withSeveralInputs_returnsUnequalBitString()" classname="de.htwk.leipzig.grapholution.evolibrary.hillclimber.HillclimberTest" time="0.0"/>
  <testcase name="mutate_withSeveralInputs_returnsBitStringDifferingByOne()" classname="de.htwk.leipzig.grapholution.evolibrary.hillclimber.HillclimberTest" time="0.0"/>
  <system-out><![CDATA[]]></system-out>
  <system-err><![CDATA[]]></system-err>
</testsuite>
