<?xml version="1.0" encoding="UTF-8"?>
<testsuite name="de.htwk.leipzig.grapholution.evolibrary.list.LinkedListTest" tests="4" skipped="0" failures="0" errors="0" timestamp="2021-11-04T19:00:22" hostname="JAN-PC" time="0.004">
  <properties/>
  <testcase name="testAdd()" classname="de.htwk.leipzig.grapholution.evolibrary.list.LinkedListTest" time="0.001"/>
  <testcase name="testRemoveMissing()" classname="de.htwk.leipzig.grapholution.evolibrary.list.LinkedListTest" time="0.0"/>
  <testcase name="testRemove()" classname="de.htwk.leipzig.grapholution.evolibrary.list.LinkedListTest" time="0.0"/>
  <testcase name="testConstructor()" classname="de.htwk.leipzig.grapholution.evolibrary.list.LinkedListTest" time="0.0"/>
  <system-out><![CDATA[]]></system-out>
  <system-err><![CDATA[]]></system-err>
</testsuite>
